0 info it worked if it ends with ok
1 verbose cli [ '/home/henriquecustodia/.nvm/versions/node/v4.4.5/bin/node',
1 verbose cli   '/home/henriquecustodia/.nvm/versions/node/v4.4.5/bin/npm',
1 verbose cli   'publish' ]
2 info using npm@2.15.5
3 info using node@v4.4.5
4 verbose publish [ '.' ]
5 silly cache add args [ '.', null ]
6 verbose cache add spec .
7 silly cache add parsed spec Result {
7 silly cache add   raw: '.',
7 silly cache add   scope: null,
7 silly cache add   name: null,
7 silly cache add   rawSpec: '.',
7 silly cache add   spec: '/home/henriquecustodia/Workspace/Pointer',
7 silly cache add   type: 'directory' }
8 verbose addLocalDirectory /home/henriquecustodia/.npm/pointer/0.0.1/package.tgz not in flight; packing
9 verbose correctMkdir /home/henriquecustodia/.npm correctMkdir not in flight; initializing
10 verbose tar pack [ '/home/henriquecustodia/.npm/pointer/0.0.1/package.tgz',
10 verbose tar pack   '/home/henriquecustodia/Workspace/Pointer' ]
11 verbose tarball /home/henriquecustodia/.npm/pointer/0.0.1/package.tgz
12 verbose folder /home/henriquecustodia/Workspace/Pointer
13 info prepublish pointer@0.0.1
14 verbose addLocalTarball adding from inside cache /home/henriquecustodia/.npm/pointer/0.0.1/package.tgz
15 verbose correctMkdir /home/henriquecustodia/.npm correctMkdir not in flight; initializing
16 silly cache afterAdd pointer@0.0.1
17 verbose afterAdd /home/henriquecustodia/.npm/pointer/0.0.1/package/package.json not in flight; writing
18 verbose correctMkdir /home/henriquecustodia/.npm correctMkdir not in flight; initializing
19 verbose afterAdd /home/henriquecustodia/.npm/pointer/0.0.1/package/package.json written
20 silly publish { name: 'pointer',
20 silly publish   version: '0.0.1',
20 silly publish   description: 'This Node module maps all application\'s dependencies and centralizes everything, at only one place',
20 silly publish   main: 'Pointer.js',
20 silly publish   scripts: {},
20 silly publish   repository:
20 silly publish    { type: 'git',
20 silly publish      url: 'git+https://github.com/henriquecustodia/Pointer.git' },
20 silly publish   keywords: [ 'inject', 'injection', 'dependencies', 'pointer' ],
20 silly publish   author:
20 silly publish    { name: 'Henrique Custódia',
20 silly publish      email: 'martinshenrique8@gmail.com' },
20 silly publish   license: 'ISC',
20 silly publish   bugs: { url: 'https://github.com/henriquecustodia/Pointer/issues' },
20 silly publish   homepage: 'https://github.com/henriquecustodia/Pointer#readme',
20 silly publish   readme: '# Pointer\nThis Node module maps all application\'s dependencies and centralizes everything, at only one place\n',
20 silly publish   readmeFilename: 'README.md',
20 silly publish   gitHead: 'e10621573cdb85c8ae2d92ee8b1af19df59427fc',
20 silly publish   _id: 'pointer@0.0.1',
20 silly publish   _shasum: '8e801854a1876bfc1eb86cbb570d3f5933edc024',
20 silly publish   _from: '.' }
21 verbose getPublishConfig undefined
22 silly mapToRegistry name pointer
23 silly mapToRegistry using default registry
24 silly mapToRegistry registry https://registry.npmjs.org/
25 silly mapToRegistry data Result {
25 silly mapToRegistry   raw: 'pointer',
25 silly mapToRegistry   scope: null,
25 silly mapToRegistry   name: 'pointer',
25 silly mapToRegistry   rawSpec: '',
25 silly mapToRegistry   spec: 'latest',
25 silly mapToRegistry   type: 'tag' }
26 silly mapToRegistry uri https://registry.npmjs.org/pointer
27 verbose publish registryBase https://registry.npmjs.org/
28 silly publish uploading /home/henriquecustodia/.npm/pointer/0.0.1/package.tgz
29 verbose request uri https://registry.npmjs.org/pointer
30 verbose request sending authorization for write operation
31 info attempt registry request try #1 at 9:24:25 PM
32 verbose request using bearer token for auth
33 verbose request id 218817a6cf7a0cf3
34 http request PUT https://registry.npmjs.org/pointer
35 http 403 https://registry.npmjs.org/pointer
36 verbose headers { 'content-type': 'application/json',
36 verbose headers   'cache-control': 'max-age=300',
36 verbose headers   'content-length': '101',
36 verbose headers   'accept-ranges': 'bytes',
36 verbose headers   date: 'Mon, 04 Jul 2016 00:24:26 GMT',
36 verbose headers   via: '1.1 varnish',
36 verbose headers   connection: 'keep-alive',
36 verbose headers   'x-served-by': 'cache-gru7123-GRU',
36 verbose headers   'x-cache': 'MISS',
36 verbose headers   'x-cache-hits': '0',
36 verbose headers   'x-timer': 'S1467591865.853810,VS0,VE751',
36 verbose headers   vary: 'Accept-Encoding' }
37 verbose request invalidating /home/henriquecustodia/.npm/registry.npmjs.org/pointer on PUT
38 error publish Failed PUT 403
39 verbose stack Error: you do not have permission to publish "pointer". Are you logged in as the correct user? : pointer
39 verbose stack     at makeError (/home/henriquecustodia/.nvm/versions/node/v4.4.5/lib/node_modules/npm/node_modules/npm-registry-client/lib/request.js:264:12)
39 verbose stack     at CachingRegistryClient.<anonymous> (/home/henriquecustodia/.nvm/versions/node/v4.4.5/lib/node_modules/npm/node_modules/npm-registry-client/lib/request.js:252:14)
39 verbose stack     at Request._callback (/home/henriquecustodia/.nvm/versions/node/v4.4.5/lib/node_modules/npm/node_modules/npm-registry-client/lib/request.js:172:14)
39 verbose stack     at Request.self.callback (/home/henriquecustodia/.nvm/versions/node/v4.4.5/lib/node_modules/npm/node_modules/request/request.js:200:22)
39 verbose stack     at emitTwo (events.js:87:13)
39 verbose stack     at Request.emit (events.js:172:7)
39 verbose stack     at Request.<anonymous> (/home/henriquecustodia/.nvm/versions/node/v4.4.5/lib/node_modules/npm/node_modules/request/request.js:1067:10)
39 verbose stack     at emitOne (events.js:82:20)
39 verbose stack     at Request.emit (events.js:169:7)
39 verbose stack     at IncomingMessage.<anonymous> (/home/henriquecustodia/.nvm/versions/node/v4.4.5/lib/node_modules/npm/node_modules/request/request.js:988:12)
40 verbose statusCode 403
41 verbose pkgid pointer
42 verbose cwd /home/henriquecustodia/Workspace/Pointer
43 error Linux 4.5.7-200.fc23.x86_64
44 error argv "/home/henriquecustodia/.nvm/versions/node/v4.4.5/bin/node" "/home/henriquecustodia/.nvm/versions/node/v4.4.5/bin/npm" "publish"
45 error node v4.4.5
46 error npm  v2.15.5
47 error code E403
48 error you do not have permission to publish "pointer". Are you logged in as the correct user? : pointer
49 error If you need help, you may report this error at:
49 error     <https://github.com/npm/npm/issues>
50 verbose exit [ 1, true ]
